<?xml version="1.0" encoding="UTF-8"?>
<testng-results ignored="0" total="2" passed="0" failed="2" skipped="0">
  <reporter-output>
    <line>
      <![CDATA[<a href='C:\Users\mukul\eclipse-workspace\toolsqa\Extent Reports\Failure Screenshots\submitForm.png'><img src ='C:\Users\mukul\eclipse-workspace\toolsqa\Extent Reports\Failure Screenshots\submitForm.png' width='200' height='200'></a>]]>
    </line>
    <line>
      <![CDATA[<a href='C:\Users\mukul\eclipse-workspace\toolsqa\Extent Reports\Failure Screenshots\submitForm.png'><img src ='C:\Users\mukul\eclipse-workspace\toolsqa\Extent Reports\Failure Screenshots\submitForm.png' width='200' height='200'></a>]]>
    </line>
  </reporter-output>
  <suite started-at="2021-10-24T08:09:52Z" name="Automated Suite" finished-at="2021-10-24T08:10:05Z" duration-ms="12780">
    <groups>
    </groups>
    <test started-at="2021-10-24T08:09:52Z" name="Toolsqa Test Run" finished-at="2021-10-24T08:10:05Z" duration-ms="12780">
      <class name="tests.toolsqaTest">
        <test-method is-config="true" signature="startUp()[pri:0, instance:tests.toolsqaTest@5cee5251]" started-at="2021-10-24T08:09:52Z" name="startUp" finished-at="2021-10-24T08:09:59Z" duration-ms="6466" status="PASS">
          <reporter-output>
          </reporter-output>
        </test-method> <!-- startUp -->
        <test-method signature="submitForm(int)[pri:0, instance:tests.toolsqaTest@5cee5251]" started-at="2021-10-24T08:09:59Z" name="submitForm" data-provider="records" finished-at="2021-10-24T08:10:01Z" duration-ms="1842" status="FAIL">
          <params>
            <param index="0">
              <value>
                <![CDATA[1]]>
              </value>
            </param>
          </params>
          <exception class="java.lang.NullPointerException">
            <message>
              <![CDATA[Cannot invoke "java.lang.CharSequence.codePoints()" because "key" is null]]>
            </message>
            <full-stacktrace>
              <![CDATA[java.lang.NullPointerException: Cannot invoke "java.lang.CharSequence.codePoints()" because "key" is null
at org.openqa.selenium.interactions.Actions.sendKeysInTicks(Actions.java:234)
at org.openqa.selenium.interactions.Actions.sendKeys(Actions.java:195)
at pages.toolsqObjectPage.enterDataPressEnter(toolsqObjectPage.java:123)
at pages.toolsqObjectPage.enterFirstName(toolsqObjectPage.java:42)
at tests.toolsqaTest.submitForm(toolsqaTest.java:55)
at java.base/jdk.internal.reflect.NativeMethodAccessorImpl.invoke0(Native Method)
at java.base/jdk.internal.reflect.NativeMethodAccessorImpl.invoke(NativeMethodAccessorImpl.java:78)
at java.base/jdk.internal.reflect.DelegatingMethodAccessorImpl.invoke(DelegatingMethodAccessorImpl.java:43)
at java.base/java.lang.reflect.Method.invoke(Method.java:567)
at org.testng.internal.MethodInvocationHelper.invokeMethod(MethodInvocationHelper.java:124)
at org.testng.internal.Invoker.invokeMethod(Invoker.java:583)
at org.testng.internal.Invoker.invokeTestMethod(Invoker.java:719)
at org.testng.internal.Invoker.invokeTestMethods(Invoker.java:989)
at org.testng.internal.TestMethodWorker.invokeTestMethods(TestMethodWorker.java:125)
at org.testng.internal.TestMethodWorker.run(TestMethodWorker.java:109)
at org.testng.TestRunner.privateRun(TestRunner.java:648)
at org.testng.TestRunner.run(TestRunner.java:505)
at org.testng.SuiteRunner.runTest(SuiteRunner.java:455)
at org.testng.SuiteRunner.runSequentially(SuiteRunner.java:450)
at org.testng.SuiteRunner.privateRun(SuiteRunner.java:415)
at org.testng.SuiteRunner.run(SuiteRunner.java:364)
at org.testng.SuiteRunnerWorker.runSuite(SuiteRunnerWorker.java:52)
at org.testng.SuiteRunnerWorker.run(SuiteRunnerWorker.java:84)
at org.testng.TestNG.runSuitesSequentially(TestNG.java:1208)
at org.testng.TestNG.runSuitesLocally(TestNG.java:1137)
at org.testng.TestNG.runSuites(TestNG.java:1049)
at org.testng.TestNG.run(TestNG.java:1017)
at org.apache.maven.surefire.testng.TestNGExecutor.run(TestNGExecutor.java:283)
at org.apache.maven.surefire.testng.TestNGXmlTestSuite.execute(TestNGXmlTestSuite.java:75)
at org.apache.maven.surefire.testng.TestNGProvider.invoke(TestNGProvider.java:120)
at org.apache.maven.surefire.booter.ForkedBooter.invokeProviderInSameClassLoader(ForkedBooter.java:384)
at org.apache.maven.surefire.booter.ForkedBooter.runSuitesInProcess(ForkedBooter.java:345)
at org.apache.maven.surefire.booter.ForkedBooter.execute(ForkedBooter.java:126)
at org.apache.maven.surefire.booter.ForkedBooter.main(ForkedBooter.java:418)
]]>
            </full-stacktrace>
          </exception> <!-- java.lang.NullPointerException -->
          <reporter-output>
            <line>
              <![CDATA[<a href='C:\Users\mukul\eclipse-workspace\toolsqa\Extent Reports\Failure Screenshots\submitForm.png'><img src ='C:\Users\mukul\eclipse-workspace\toolsqa\Extent Reports\Failure Screenshots\submitForm.png' width='200' height='200'></a>]]>
            </line>
          </reporter-output>
        </test-method> <!-- submitForm -->
        <test-method is-config="true" signature="reload()[pri:0, instance:tests.toolsqaTest@5cee5251]" started-at="2021-10-24T08:10:01Z" name="reload" finished-at="2021-10-24T08:10:02Z" duration-ms="1022" status="PASS">
          <reporter-output>
          </reporter-output>
        </test-method> <!-- reload -->
        <test-method signature="submitForm(int)[pri:0, instance:tests.toolsqaTest@5cee5251]" started-at="2021-10-24T08:10:02Z" name="submitForm" data-provider="records" finished-at="2021-10-24T08:10:03Z" duration-ms="1068" status="FAIL">
          <params>
            <param index="0">
              <value>
                <![CDATA[2]]>
              </value>
            </param>
          </params>
          <exception class="java.lang.NullPointerException">
            <message>
              <![CDATA[Cannot invoke "java.lang.CharSequence.codePoints()" because "key" is null]]>
            </message>
            <full-stacktrace>
              <![CDATA[java.lang.NullPointerException: Cannot invoke "java.lang.CharSequence.codePoints()" because "key" is null
at org.openqa.selenium.interactions.Actions.sendKeysInTicks(Actions.java:234)
at org.openqa.selenium.interactions.Actions.sendKeys(Actions.java:195)
at pages.toolsqObjectPage.enterDataPressEnter(toolsqObjectPage.java:123)
at pages.toolsqObjectPage.enterFirstName(toolsqObjectPage.java:42)
at tests.toolsqaTest.submitForm(toolsqaTest.java:55)
at java.base/jdk.internal.reflect.NativeMethodAccessorImpl.invoke0(Native Method)
at java.base/jdk.internal.reflect.NativeMethodAccessorImpl.invoke(NativeMethodAccessorImpl.java:78)
at java.base/jdk.internal.reflect.DelegatingMethodAccessorImpl.invoke(DelegatingMethodAccessorImpl.java:43)
at java.base/java.lang.reflect.Method.invoke(Method.java:567)
at org.testng.internal.MethodInvocationHelper.invokeMethod(MethodInvocationHelper.java:124)
at org.testng.internal.Invoker.invokeMethod(Invoker.java:583)
at org.testng.internal.Invoker.invokeTestMethod(Invoker.java:719)
at org.testng.internal.Invoker.invokeTestMethods(Invoker.java:989)
at org.testng.internal.TestMethodWorker.invokeTestMethods(TestMethodWorker.java:125)
at org.testng.internal.TestMethodWorker.run(TestMethodWorker.java:109)
at org.testng.TestRunner.privateRun(TestRunner.java:648)
at org.testng.TestRunner.run(TestRunner.java:505)
at org.testng.SuiteRunner.runTest(SuiteRunner.java:455)
at org.testng.SuiteRunner.runSequentially(SuiteRunner.java:450)
at org.testng.SuiteRunner.privateRun(SuiteRunner.java:415)
at org.testng.SuiteRunner.run(SuiteRunner.java:364)
at org.testng.SuiteRunnerWorker.runSuite(SuiteRunnerWorker.java:52)
at org.testng.SuiteRunnerWorker.run(SuiteRunnerWorker.java:84)
at org.testng.TestNG.runSuitesSequentially(TestNG.java:1208)
at org.testng.TestNG.runSuitesLocally(TestNG.java:1137)
at org.testng.TestNG.runSuites(TestNG.java:1049)
at org.testng.TestNG.run(TestNG.java:1017)
at org.apache.maven.surefire.testng.TestNGExecutor.run(TestNGExecutor.java:283)
at org.apache.maven.surefire.testng.TestNGXmlTestSuite.execute(TestNGXmlTestSuite.java:75)
at org.apache.maven.surefire.testng.TestNGProvider.invoke(TestNGProvider.java:120)
at org.apache.maven.surefire.booter.ForkedBooter.invokeProviderInSameClassLoader(ForkedBooter.java:384)
at org.apache.maven.surefire.booter.ForkedBooter.runSuitesInProcess(ForkedBooter.java:345)
at org.apache.maven.surefire.booter.ForkedBooter.execute(ForkedBooter.java:126)
at org.apache.maven.surefire.booter.ForkedBooter.main(ForkedBooter.java:418)
]]>
            </full-stacktrace>
          </exception> <!-- java.lang.NullPointerException -->
          <reporter-output>
            <line>
              <![CDATA[<a href='C:\Users\mukul\eclipse-workspace\toolsqa\Extent Reports\Failure Screenshots\submitForm.png'><img src ='C:\Users\mukul\eclipse-workspace\toolsqa\Extent Reports\Failure Screenshots\submitForm.png' width='200' height='200'></a>]]>
            </line>
          </reporter-output>
        </test-method> <!-- submitForm -->
        <test-method is-config="true" signature="reload()[pri:0, instance:tests.toolsqaTest@5cee5251]" started-at="2021-10-24T08:10:03Z" name="reload" finished-at="2021-10-24T08:10:05Z" duration-ms="1586" status="PASS">
          <reporter-output>
          </reporter-output>
        </test-method> <!-- reload -->
        <test-method is-config="true" signature="tearDown()[pri:0, instance:tests.toolsqaTest@5cee5251]" started-at="2021-10-24T08:10:05Z" name="tearDown" finished-at="2021-10-24T08:10:05Z" duration-ms="154" status="PASS">
          <reporter-output>
          </reporter-output>
        </test-method> <!-- tearDown -->
      </class> <!-- tests.toolsqaTest -->
    </test> <!-- Toolsqa Test Run -->
  </suite> <!-- Automated Suite -->
</testng-results>
